<?xml version="1.0" encoding="UTF-8"?>
<!-- Generated by org.testng.reporters.JUnitReportReporter -->
<testsuite hostname="DESKTOP-C2J8233" failures="0" tests="1" name="com.testing.app.UserRegistry" time="0.015" errors="0" timestamp="2022-08-17T10:31:52 CDT" skipped="0">
  <testcase classname="com.testing.app.UserRegistry" name="shouldAnswerWithTrue" time="0.015"/>
  <system-out/>
</testsuite> <!-- com.testing.app.UserRegistry -->
